<?xml version="1.0" encoding="UTF-8"?>
<!-- Generated by org.testng.reporters.JUnitReportReporter -->
<testsuite skipped="0" hostname="DESKTOP-PFEFR8P" name="Goibibo_Menu.First" tests="1" failures="0" timestamp="22 Oct 2018 05:42:24 GMT" time="0.007" errors="0">
  <testcase name="function" time="0.007" classname="Goibibo_Menu.First"/>
</testsuite> <!-- Goibibo_Menu.First -->
