<?xml version="1.0" encoding="UTF-8"?>
<!-- Generated by org.testng.reporters.JUnitReportReporter -->
<testsuite hostname="DESKTOP-PFEFR8P" name="Goibibo_Menu.Flight" tests="1" failures="0" timestamp="30 Oct 2018 17:58:50 GMT" time="104.820" errors="0">
  <testcase name="FlightDetails" time="104.820" classname="Goibibo_Menu.Flight"/>
</testsuite> <!-- Goibibo_Menu.Flight -->
